<?xml version="1.0" encoding="UTF-8"?>
<!-- Generated by org.testng.reporters.JUnitReportReporter -->
<testsuite hostname="DESKTOP-KSQUBH6" failures="0" tests="4" name="Testcases.NewTest" time="6.777" errors="0" timestamp="2022-02-06T09:34:23 IST" skipped="3">
  <testcase classname="Testcases.NewTest" name="invalidcredentials" time="6.777"/>
  <system-out>
    <![CDATA[User or Password is not valid]]>
  </system-out>
  <testcase classname="Testcases.NewTest" name="invalidusername">
    <skipped/>
  </testcase> <!-- invalidusername -->
  <system-out/>
  <testcase classname="Testcases.NewTest" name="invalidpassword">
    <skipped/>
  </testcase> <!-- invalidpassword -->
  <system-out/>
  <testcase classname="Testcases.NewTest" name="login">
    <skipped/>
  </testcase> <!-- login -->
  <system-out/>
</testsuite> <!-- Testcases.NewTest -->
